2019-03-06 18:54:38,269 - os.name - Windows 10
2019-03-06 18:54:38,270 - os.arch - amd64
2019-03-06 18:54:38,270 - os.version - 10.0
2019-03-06 18:54:38,271 - java.version - 1.8.0_171
2019-03-06 18:54:38,271 - java.vendor - Oracle Corporation
2019-03-06 18:54:38,271 - java.vendor.url - http://java.oracle.com/
2019-03-06 18:54:38,271 - java.home - C:\Program Files\Java\jre1.8.0_171
2019-03-06 18:54:38,271 - java.vm.specification.name - Java Virtual Machine Specification
2019-03-06 18:54:38,271 - java.vm.specification.vendor - Oracle Corporation
2019-03-06 18:54:38,271 - java.vm.specification.version - 1.8
2019-03-06 18:54:38,467 - java.class.path - C:\Users\doria\Downloads\eclipse-java-mars-2-win32-x86_64\eclipse\\plugins/org.eclipse.equinox.launcher_1.3.100.v20150511-1540.jar
2019-03-06 18:54:38,467 - java.library.path - C:\Users\doria\Downloads\eclipse-java-mars-2-win32-x86_64\eclipse;C:\WINDOWS\Sun\Java\bin;C:\WINDOWS\system32;C:\WINDOWS;C:/Program Files/Java/jre1.8.0_171/bin/server;C:/Program Files/Java/jre1.8.0_171/bin;C:/Program Files/Java/jre1.8.0_171/lib/amd64;C:\Program Files\IBM\ILOG\CPLEX_Studio128\opl\bin\x64_win64;C:\Program Files\IBM\ILOG\CPLEX_Studio128\opl\oplide\;C:\Program Files\IBM\ILOG\CPLEX_Studio128\cplex\bin\x64_win64;C:\Program Files\IBM\ILOG\CPLEX_Studio128\cpoptimizer\bin\x64_win64;C:\Program Files (x86)\Common Files\Oracle\Java\javapath;C:\ProgramData\Oracle\Java\javapath;C:\Python27\Lib\site-packages\PyQt4;C:\Program Files (x86)\Intel\iCLS Client\;C:\Program Files\Intel\iCLS Client\;C:\Windows\system32;C:\Windows;C:\Windows\System32\Wbem;C:\Windows\System32\WindowsPowerShell\v1.0\;C:\Program Files (x86)\Intel\Intel(R) Management Engine Components\DAL;C:\Program Files\Intel\Intel(R) Management Engine Components\DAL;C:\Program Files (x86)\Intel\Intel(R) Management Engine Components\IPT;C:\Program Files\Intel\Intel(R) Management Engine Components\IPT;C:\Program Files (x86)\NVIDIA Corporation\PhysX\Common;C:\Program Files (x86)\Windows Live\Shared;C:\Program Files\MATLAB\R2016b\runtime\win64;C:\Program Files\MATLAB\R2016b\bin;C:\Program Files\MATLAB\R2015b\runtime\win64;C:\Program Files\MATLAB\R2015b\bin;C:\Python27;C:\Python27\DLLs;C:\Python27\Scripts;C:\Python27\gnuplot\binary;C:\Program Files (x86)\pythonxy\SciTE-3.5.1-4;C:\Program Files (x86)\pythonxy\console;C:\Program Files (x86)\CodeBlocks\MinGW\bin;C:\WINDOWS\system32;C:\WINDOWS;C:\WINDOWS\System32\Wbem;C:\WINDOWS\System32\WindowsPowerShell\v1.0\;C:\Program Files\PuTTY\;C:\WINDOWS\System32\OpenSSH\;C:\Program Files\Git\cmd;C:\Users\doria\Anaconda3;C:\Users\doria\Anaconda3\Scripts;C:\Users\doria\Anaconda3\Library\bin;C:\Program Files\Java\jdk1.8.0_101\bin;C:\Users\doria\AppData\Roaming\Dashlane\4.6.5.21982\bin\Firefox_Extension\{442718d9-475e-452a-b3e1-fb1ee16b8e9f}\components;C:\Users\doria\AppData\Roaming\Dashlane\4.6.6.23032\bin\Firefox_Extension\{442718d9-475e-452a-b3e1-fb1ee16b8e9f}\components;C:\Users\doria\AppData\Local\Microsoft\WindowsApps;C:\Users\doria\AppData\Local\Programs\MiKTeX 2.9\miktex\bin\x64\;C:\Program Files\Java\jdk1.8.0_101;C:\Users\doria\AppData\Roaming\Dashlane\6.1907.0.17833\bin\Firefox_Extension\{442718d9-475e-452a-b3e1-fb1ee16b8e9f}\components;C:\Users\doria\AppData\Roaming\Dashlane\6.1907.0.17833\ucrt;C:\Users\doria\AppData\Roaming\Dashlane\6.1907.0.17833\bin\Qt;C:\Users\doria\AppData\Roaming\Dashlane\6.1907.0.17833\bin\Ssl;C:\Users\doria\Downloads\eclipse-java-mars-2-win32-x86_64\eclipse;;.
2019-03-06 18:54:38,467 - --------------------------------------
2019-03-06 18:54:38,467 - ## Eclipse Plug-ins Log Information ##
2019-03-06 18:54:38,467 - --------------------------------------
2019-03-06 18:54:38,581 - javax.el - 2.2.0.v201303151357
2019-03-06 18:54:38,622 - javax.servlet - 3.1.0.v201410161800
2019-03-06 18:54:38,624 - javax.servlet.jsp - 2.2.0.v201112011158
2019-03-06 18:54:38,685 - com.sun.el - 2.2.0.v201303151357
2019-03-06 18:54:38,686 - org.apache.commons.logging - 1.1.1.v201101211721
2019-03-06 18:54:38,688 - org.apache.jasper.glassfish - 2.2.2.v201501141630
2019-03-06 18:54:38,690 - org.apache.lucene.analysis - 3.5.0.v20120725-1805
2019-03-06 18:54:38,692 - org.apache.lucene.core - 3.5.0.v20120725-1805
2019-03-06 18:54:38,693 - org.eclipse.equinox.http.jetty - 3.1.2.v20160115-1350
2019-03-06 18:54:38,694 - org.eclipse.equinox.http.registry - 1.1.300.v20130402-1529
2019-03-06 18:54:38,696 - org.eclipse.equinox.http.servlet - 1.2.2.v20160202-2102
2019-03-06 18:54:38,697 - org.eclipse.equinox.jsp.jasper - 1.0.500.v20150119-1358
2019-03-06 18:54:38,698 - org.eclipse.equinox.jsp.jasper.registry - 1.0.300.v20130327-1442
2019-03-06 18:54:38,794 - org.eclipse.help.base - 4.0.301.v20160212-1500
2019-03-06 18:54:38,797 - org.eclipse.help.ui - 4.0.100.v20140401-0608
2019-03-06 18:54:38,799 - org.eclipse.help.webapp - 3.7.0.v20150425-0643
2019-03-06 18:54:38,800 - org.eclipse.jetty.continuation - 9.2.13.v20150730
2019-03-06 18:54:38,802 - org.eclipse.jetty.http - 9.2.13.v20150730
2019-03-06 18:54:38,804 - org.eclipse.jetty.io - 9.2.13.v20150730
2019-03-06 18:54:38,806 - org.eclipse.jetty.security - 9.2.13.v20150730
2019-03-06 18:54:38,808 - org.eclipse.jetty.server - 9.2.13.v20150730
2019-03-06 18:54:38,810 - org.eclipse.jetty.servlet - 9.2.13.v20150730
2019-03-06 18:54:38,812 - org.eclipse.jetty.util - 9.2.13.v20150730
2019-03-06 18:54:38,827 - org.eclipse.core.net - 1.2.300.v20141118-1725
2019-03-06 18:54:38,829 - org.eclipse.equinox.security - 1.2.100.v20150423-1356
2019-03-06 18:54:38,863 - org.eclipse.wb.os - 1.8.0.r45x201506110820
2019-03-06 18:54:38,864 - org.eclipse.wb.runtime - 1.8.0.r45x201506110820
2019-03-06 18:54:38,878 - org.eclipse.wb.runtime.lib - 1.8.0.r45x201506110820
2019-03-06 18:54:38,896 - org.eclipse.wb.core - 1.8.0.r45x201506110820
2019-03-06 18:54:38,949 - org.eclipse.wb.core.lib - 1.8.0.r45x201506110820
2019-03-06 18:54:38,950 - org.eclipse.wb.os.win32 - 1.8.0.r45x201506110820
2019-03-06 18:54:39,021 - org.eclipse.andmore.hierarchyviewer - 0.5.0.201605181018
2019-03-06 18:54:39,062 - org.eclipse.mylyn.bugzilla.core - 3.18.0.v20151009-2340
2019-03-06 18:54:39,063 - org.eclipse.mylyn.bugzilla.ui - 3.18.0.v20151009-2340
2019-03-06 18:54:39,101 - org.eclipse.sequoyah.device.backward - 2.1.0.N20120718-0509
2019-03-06 18:54:39,186 - org.eclipse.sequoyah.device.framework - 2.1.0.N20120718-0509
2019-03-06 18:54:39,188 - org.eclipse.sequoyah.device.framework.ui - 2.1.0.N20120718-0509
2019-03-06 18:54:39,190 - org.eclipse.sequoyah.device.service.start - 2.1.0.N20120718-0509
2019-03-06 18:54:39,191 - org.eclipse.sequoyah.device.service.stop - 2.1.0.N20120718-0509
2019-03-06 18:54:39,193 - org.eclipse.sequoyah.device.framework.wizard - 2.1.0.N20120718-0509
2019-03-06 18:54:39,495 - org.eclipse.xtext.xbase.lib - 2.9.1.v201512180746
2019-03-06 18:54:39,589 - org.eclipse.buildship.core - 1.0.8.v20160201-1803
2019-03-06 18:54:39,591 - org.eclipse.buildship.ui - 1.0.8.v20160201-1803
2019-03-06 18:54:39,632 - org.eclipse.buildship.branding - 1.0.8.v20160201-1803
2019-03-06 18:54:39,884 - org.eclipse.mylyn.tasks.core - 3.18.0.v20151202-0115
2019-03-06 18:54:39,886 - org.eclipse.mylyn.tasks.index.core - 3.18.0.v20151012-1647
2019-03-06 18:54:39,887 - org.eclipse.mylyn.tasks.index.ui - 3.18.0.v20151009-2340
2019-03-06 18:54:39,888 - org.eclipse.mylyn.tasks.search - 3.18.0.v20151009-2340
2019-03-06 18:54:39,890 - org.eclipse.mylyn.tasks.ui - 3.18.0.v20151211-2235
2019-03-06 18:54:39,950 - org.eclipse.egit.core - 4.1.1.201511131810-r
2019-03-06 18:54:39,952 - org.eclipse.egit.ui - 4.1.1.201511131810-r
2019-03-06 18:54:40,066 - org.eclipse.egit - 4.1.1.201511131810-r
2019-03-06 18:54:40,067 - org.eclipse.egit.doc - 4.1.1.201511131810-r
2019-03-06 18:54:40,209 - org.eclipse.aether.maven - 3.1.0.v20140706-2237
2019-03-06 18:54:40,277 - org.eclipse.gef - 3.10.1.201508170204
2019-03-06 18:54:40,339 - org.eclipse.mylyn.commons.identity.core - 1.10.0.v20151009-1724
2019-03-06 18:54:40,422 - org.eclipse.oomph.p2 - 1.3.0.v20160213-0953
2019-03-06 18:54:40,426 - org.eclipse.oomph.p2.core - 1.3.0.v20160213-0953
2019-03-06 18:54:40,428 - org.eclipse.oomph.p2.edit - 1.3.0.v20160213-0953
2019-03-06 18:54:40,429 - org.eclipse.oomph.p2.ui - 1.3.0.v20160213-0953
2019-03-06 18:54:40,430 - org.eclipse.oomph.p2.doc - 1.3.0.v20160213-0953
2019-03-06 18:54:40,539 - org.eclipse.xtext.xbase - 2.9.1.v201512180746
2019-03-06 18:54:40,540 - org.eclipse.xtext.xbase.ui - 2.9.1.v201512180746
2019-03-06 18:54:40,542 - org.eclipse.xtext.xbase.junit - 2.9.1.v201512180746
2019-03-06 18:54:40,543 - org.eclipse.xtext.xbase.ide - 2.9.1.v201512180746
2019-03-06 18:54:40,612 - org.eclipse.datatools.enablement.sqlite - 1.0.0.v201002041100
2019-03-06 18:54:40,614 - org.eclipse.datatools.enablement.sqlite.dbdefinition - 1.0.2.v201206010441
2019-03-06 18:54:40,615 - org.eclipse.datatools.enablement.sqlite.ui - 1.0.0.v201107221507
2019-03-06 18:54:40,662 - org.eclipse.datatools.enablement.finfo - 1.5.1.v200906161800
2019-03-06 18:54:40,708 - org.eclipse.emf.codegen.ui - 2.6.0.v20160208-0841
2019-03-06 18:54:40,723 - org.eclipse.mylyn.commons.notifications.core - 1.10.0.v20151009-1724
2019-03-06 18:54:40,724 - org.eclipse.mylyn.commons.notifications.feed - 1.10.0.v20151009-1724
2019-03-06 18:54:40,725 - org.eclipse.mylyn.commons.notifications.ui - 1.10.0.v20151102-1814
2019-03-06 18:54:40,753 - org.eclipse.emf.converter - 2.7.0.v20160208-0841
2019-03-06 18:54:40,755 - org.eclipse.emf.importer - 2.9.0.v20160208-0841
2019-03-06 18:54:40,756 - org.eclipse.emf.exporter - 2.7.0.v20160208-0841
2019-03-06 18:54:40,757 - org.eclipse.emf.importer.ecore - 2.8.0.v20160208-0841
2019-03-06 18:54:40,762 - org.eclipse.emf.importer.java - 2.7.0.v20160208-0841
2019-03-06 18:54:40,765 - org.eclipse.emf.importer.rose - 2.8.0.v20160208-0841
2019-03-06 18:54:40,791 - org.eclipse.emf.edit.ui - 2.11.1.v20160208-0841
2019-03-06 18:54:40,822 - org.eclipse.help - 3.6.0.v20130326-1254
2019-03-06 18:54:40,824 - org.eclipse.ui - 3.107.0.v20150507-1945
2019-03-06 18:54:40,824 - org.eclipse.ui.workbench - 3.107.1.v20160120-2131
2019-03-06 18:54:40,825 - org.eclipse.update.configurator - 3.3.300.v20140518-1928
2019-03-06 18:54:40,825 - org.eclipse.rcp - 4.5.2.v20160212-1500
2019-03-06 18:54:40,848 - org.eclipse.recommenders.rcp - 2.3.0.v20160216-1255
2019-03-06 18:54:40,849 - org.eclipse.recommenders.apidocs - 2.3.0.v20160216-1255
2019-03-06 18:54:40,851 - org.eclipse.recommenders.apidocs.rcp - 2.3.0.v20160216-1255
2019-03-06 18:54:40,852 - org.eclipse.recommenders.calls - 2.3.0.v20160216-1255
2019-03-06 18:54:40,853 - org.eclipse.recommenders.calls.rcp - 2.3.0.v20160216-1255
2019-03-06 18:54:40,855 - org.eclipse.recommenders.chain.rcp - 2.3.0.v20160216-1255
2019-03-06 18:54:40,856 - org.eclipse.recommenders.completion.rcp - 2.3.0.v20160216-1255
2019-03-06 18:54:40,857 - org.eclipse.recommenders.constructors - 2.3.0.v20160216-1255
2019-03-06 18:54:40,859 - org.eclipse.recommenders.constructors.rcp - 2.3.0.v20160216-1255
2019-03-06 18:54:40,860 - org.eclipse.recommenders.coordinates - 2.3.0.v20160216-1255
2019-03-06 18:54:40,861 - org.eclipse.recommenders.coordinates.rcp - 2.3.0.v20160216-1255
2019-03-06 18:54:40,863 - org.eclipse.recommenders.injection - 2.3.0.v20160216-1255
2019-03-06 18:54:40,865 - org.eclipse.recommenders.jayes - 2.3.0.v20160216-1255
2019-03-06 18:54:40,866 - org.eclipse.recommenders.jayes.io - 2.3.0.v20160216-1255
2019-03-06 18:54:40,867 - org.eclipse.recommenders.jdt - 2.3.0.v20160216-1255
2019-03-06 18:54:40,869 - org.eclipse.recommenders.models - 2.3.0.v20160216-1255
2019-03-06 18:54:40,870 - org.eclipse.recommenders.models.rcp - 2.3.0.v20160216-1255
2019-03-06 18:54:40,871 - org.eclipse.recommenders.net - 2.3.0.v20160216-1255
2019-03-06 18:54:40,873 - org.eclipse.recommenders.overrides - 2.3.0.v20160216-1255
2019-03-06 18:54:40,875 - org.eclipse.recommenders.overrides.rcp - 2.3.0.v20160216-1255
2019-03-06 18:54:40,878 - org.eclipse.recommenders.subwords.rcp - 2.3.0.v20160216-1255
2019-03-06 18:54:40,879 - org.eclipse.recommenders.types.rcp - 2.3.0.v20160216-1255
2019-03-06 18:54:40,881 - org.eclipse.recommenders.utils - 2.3.0.v20160216-1255
2019-03-06 18:54:40,882 - org.eclipse.recommenders.utils.rcp - 2.3.0.v20160216-1255
2019-03-06 18:54:40,906 - org.eclipse.mylyn.commons.repositories.http.core - 1.10.0.v20151009-1724
2019-03-06 18:54:40,935 - org.eclipse.datatools.connectivity.oda.design.ui - 3.2.9.v201403131814
2019-03-06 18:54:40,937 - org.eclipse.datatools.connectivity.ui.dse - 1.1.5.v201212070447
2019-03-06 18:54:40,938 - org.eclipse.datatools.connectivity.ui - 1.2.4.v201212070447
2019-03-06 18:54:40,940 - org.eclipse.datatools.connectivity.sqm.core - 1.2.8.v201401230755
2019-03-06 18:54:40,942 - org.eclipse.datatools.help - 1.5.0.v200906020553
2019-03-06 18:54:40,984 - org.eclipse.jdt - 3.11.2.v20160212-1500
2019-03-06 18:54:40,986 - org.eclipse.ant.ui - 3.6.101.v20160203-1242
2019-03-06 18:54:40,987 - org.eclipse.jdt.apt.core - 3.4.0.v20150518-1201
2019-03-06 18:54:40,988 - org.eclipse.jdt.apt.ui - 3.4.0.v20150423-0947
2019-03-06 18:54:40,990 - org.eclipse.jdt.apt.pluggable.core - 1.1.0.v20150423-0947
2019-03-06 18:54:40,994 - org.eclipse.jdt.compiler.apt - 1.2.0.v20150514-0146
2019-03-06 18:54:40,994 - org.eclipse.jdt.compiler.tool - 1.1.0.v20150513-2007
2019-03-06 18:54:40,994 - org.eclipse.jdt.core - 3.11.2.v20160128-0629
2019-03-06 18:54:40,996 - org.eclipse.jdt.annotation - 2.0.100.v20150311-1658
2019-03-06 18:54:40,996 - org.eclipse.jdt.annotation - 2.0.100.v20150311-1658
2019-03-06 18:54:40,997 - org.eclipse.jdt.core.manipulation - 1.5.100.v20141002-1241
2019-03-06 18:54:40,999 - org.eclipse.jdt.debug.ui - 3.7.101.v20160203-1236
2019-03-06 18:54:41,046 - org.eclipse.jdt.debug - 3.9.1.v20160128-1343
2019-03-06 18:54:41,048 - org.eclipse.jdt.junit - 3.8.0.v20150428-1340
2019-03-06 18:54:41,049 - org.eclipse.jdt.junit.core - 3.7.400.v20150423-0747
2019-03-06 18:54:41,051 - org.eclipse.jdt.junit.runtime - 3.4.500.v20140527-1138
2019-03-06 18:54:41,052 - org.eclipse.jdt.junit4.runtime - 1.1.500.v20150423-0747
2019-03-06 18:54:41,053 - org.eclipse.jdt.launching - 3.8.0.v20150527-0946
2019-03-06 18:54:41,056 - org.eclipse.jdt.ui - 3.11.2.v20151123-1510
2019-03-06 18:54:41,116 - org.junit - 4.12.0.v201504281640
2019-03-06 18:54:41,118 - org.hamcrest.core - 1.3.0.v201303031735
2019-03-06 18:54:41,120 - org.eclipse.jdt.doc.user - 3.11.1.v20150819-1130
2019-03-06 18:54:41,121 - org.eclipse.ant.launching - 1.1.101.v20160203-1242
2019-03-06 18:54:41,208 - org.eclipse.emf.common - 2.11.1.v20160208-0816
2019-03-06 18:54:41,330 - org.eclipse.fx.ide.css - 2.3.0.201603030809
2019-03-06 18:54:41,332 - org.eclipse.fx.ide.css.cssext - 2.3.0.201603030809
2019-03-06 18:54:41,333 - org.eclipse.fx.ide.css.cssext.ui - 2.3.0.201603030809
2019-03-06 18:54:41,386 - org.eclipse.fx.ide.css.ui - 2.3.0.201603030809
2019-03-06 18:54:41,387 - org.eclipse.fx.ide.css.jfx2 - 2.3.0.201603030809
2019-03-06 18:54:41,389 - org.eclipse.fx.ide.css.jfx8 - 2.3.0.201603030809
2019-03-06 18:54:41,390 - org.eclipse.fx.ide.css.cssext.proposals - 2.2.0.201603030809
2019-03-06 18:54:41,391 - org.eclipse.fx.ui.panes - 2.3.0.201603030703
2019-03-06 18:54:41,392 - org.eclipse.fx.ui.controls - 2.3.0.201603030703
2019-03-06 18:54:41,393 - org.eclipse.fx.ui.animation - 2.3.0.201603030703
2019-03-06 18:54:41,422 - org.eclipse.sequoyah.vnc.vncviewer.vncviews - 2.1.0.N20120718-0509
2019-03-06 18:54:41,454 - org.eclipse.egit.mylyn.ui - 4.1.1.201511131810-r
2019-03-06 18:54:41,474 - org.eclipse.xtend.core - 2.9.1.v201512180746
2019-03-06 18:54:41,475 - org.eclipse.xtend.ide.common - 2.9.1.v201512180746
2019-03-06 18:54:41,477 - org.eclipse.xtend.lib - 2.9.1.v201512180746
2019-03-06 18:54:41,478 - org.eclipse.xtend.lib.macro - 2.9.1.v201512180746
2019-03-06 18:54:41,479 - org.eclipse.xtend2.lib - 2.9.1.v201512180746
2019-03-06 18:54:41,479 - org.eclipse.xtend.ide - 2.9.1.v201512180746
2019-03-06 18:54:41,481 - org.eclipse.xtend.examples - 2.9.1.v201512180746
2019-03-06 18:54:41,483 - org.eclipse.xtend.doc - 2.9.1.v201512180746
2019-03-06 18:54:41,484 - org.eclipse.xtend.m2e - 2.9.1.v201512180746
2019-03-06 18:54:41,485 - org.eclipse.xtend.standalone - 2.9.1.v201512180746
2019-03-06 18:54:41,525 - org.eclipse.datatools.sqltools.common.ui - 1.0.1.v201212120623
2019-03-06 18:54:41,526 - org.eclipse.datatools.sqltools.debugger.core - 1.0.1.v201107221520
2019-03-06 18:54:41,527 - org.eclipse.datatools.sqltools.editor.core - 1.0.3.v201212120623
2019-03-06 18:54:41,528 - org.eclipse.datatools.sqltools.plan - 1.0.0.v201107221520
2019-03-06 18:54:41,529 - org.eclipse.datatools.sqltools.routineeditor - 1.0.0.v201107221520
2019-03-06 18:54:41,531 - org.eclipse.datatools.sqltools.sql - 1.0.1.v201110050515
2019-03-06 18:54:41,532 - org.eclipse.datatools.sqltools.sqleditor - 1.0.4.v201212120623
2019-03-06 18:54:41,534 - org.eclipse.datatools.sqltools.sqlscrapbook - 1.0.2.v201205310922
2019-03-06 18:54:41,534 - org.eclipse.datatools.help - 1.5.0.v200906020553
2019-03-06 18:54:41,535 - org.eclipse.datatools.sqltools.db.generic - 1.0.0.v201107221520
2019-03-06 18:54:41,536 - org.eclipse.datatools.sqltools.debugger.core.ui - 1.0.0.v201003161000
2019-03-06 18:54:41,538 - org.eclipse.datatools.sqltools.editor.core.ui - 1.0.0.v201001150815
2019-03-06 18:54:41,539 - org.eclipse.datatools.sqltools.result.ui - 1.1.3.v201302061703
2019-03-06 18:54:41,540 - org.eclipse.datatools.sqltools.routineeditor.ui - 1.0.3.v201211200616
2019-03-06 18:54:41,541 - org.eclipse.datatools.sqltools.sql.ui - 1.0.1.v201201270735
2019-03-06 18:54:41,575 - org.objectweb.asm - 5.0.1.v201404251740
2019-03-06 18:54:41,575 - org.eclipse.andmore - 0.5.0.201605181018
2019-03-06 18:54:41,575 - org.eclipse.andmore.base - 0.5.0.201605181018
2019-03-06 18:54:41,575 - org.eclipse.andmore.ddms - 0.5.0.201605181018
2019-03-06 18:54:41,577 - org.eclipse.andmore.overlay - 0.5.0.201605181018
2019-03-06 18:54:41,580 - org.apache.commons.codec - 1.6.0.v201305230611
2019-03-06 18:54:41,582 - org.apache.commons.compress - 1.6.0.v201310281400
2019-03-06 18:54:41,584 - org.apache.httpcomponents.httpclient - 4.3.6.v201411290715
2019-03-06 18:54:41,585 - org.apache.httpcomponents.httpcore - 4.3.3.v201411290715
2019-03-06 18:54:41,634 - org.eclipse.datatools.modelbase.dbdefinition - 1.0.2.v201107221519
2019-03-06 18:54:41,636 - org.eclipse.datatools.modelbase.sql.edit - 1.0.2.v201208230744
2019-03-06 18:54:41,637 - org.eclipse.datatools.modelbase.sql.query - 1.1.4.v201212120619
2019-03-06 18:54:41,639 - org.eclipse.datatools.modelbase.sql.query.edit - 1.0.1.v201110151245
2019-03-06 18:54:41,640 - org.eclipse.datatools.modelbase.sql.xml.query - 1.0.2.v201201131123
2019-03-06 18:54:41,640 - org.eclipse.datatools.modelbase.sql - 1.0.6.v201208230744
2019-03-06 18:54:41,661 - org.eclipse.emf.mapping - 2.9.0.v20160208-0841
2019-03-06 18:54:41,684 - org.eclipse.oomph.setup.editor - 1.3.0.v20160213-0953
2019-03-06 18:54:41,685 - org.eclipse.oomph.setup.ui - 1.3.0.v20160213-0953
2019-03-06 18:54:41,687 - org.eclipse.oomph.setup.doc - 1.3.0.v20160213-0953
2019-03-06 18:54:41,688 - org.eclipse.oomph.setup.ui.questionnaire - 1.3.0.v20160213-0953
2019-03-06 18:54:41,689 - org.eclipse.oomph.jreinfo.ui - 1.3.0.v20160213-0953
2019-03-06 18:54:41,706 - org.eclipse.emf.ecore - 2.11.2.v20160208-0816
2019-03-06 18:54:41,708 - org.eclipse.emf.ecore.change - 2.11.0.v20160208-0816
2019-03-06 18:54:41,712 - org.eclipse.emf.ecore.xmi - 2.11.1.v20160208-0816
2019-03-06 18:54:41,752 - org.eclipse.jgit - 4.1.1.201511131810-r
2019-03-06 18:54:41,753 - org.eclipse.jgit.archive - 4.1.1.201511131810-r
2019-03-06 18:54:41,755 - com.jcraft.jsch - 0.1.53.v201508180515
2019-03-06 18:54:41,756 - javaewah - 0.7.9.v201401101600
2019-03-06 18:54:41,756 - org.apache.commons.compress - 1.6.0.v201310281400
2019-03-06 18:54:41,758 - org.slf4j.api - 1.7.2.v20121108-1250
2019-03-06 18:54:41,758 - org.slf4j.impl.log4j12 - 1.7.2.v20131105-2200
2019-03-06 18:54:41,760 - org.apache.log4j - 1.2.15.v201012070815
2019-03-06 18:54:41,785 - org.eclipse.mylyn.wikitext.core - 2.7.0.v20151015-1452
2019-03-06 18:54:41,792 - org.eclipse.mylyn.wikitext.core.ant - 2.7.0.v20151009-1723
2019-03-06 18:54:41,795 - org.eclipse.mylyn.wikitext.core.osgi - 2.7.0.v20151009-1723
2019-03-06 18:54:41,796 - org.eclipse.mylyn.wikitext.textile.core - 2.7.0.v20151009-1723
2019-03-06 18:54:41,799 - org.eclipse.mylyn.wikitext.html.core - 2.7.0.v20151015-1452
2019-03-06 18:54:41,800 - org.eclipse.mylyn.wikitext.markdown.core - 2.7.0.v20151009-1723
2019-03-06 18:54:41,803 - org.eclipse.mylyn.wikitext.mediawiki.core - 2.7.0.v20151009-1723
2019-03-06 18:54:41,804 - org.eclipse.mylyn.wikitext.confluence.core - 2.7.0.v20151009-1723
2019-03-06 18:54:41,806 - org.eclipse.mylyn.wikitext.tracwiki.core - 2.7.0.v20151009-1723
2019-03-06 18:54:41,807 - org.eclipse.mylyn.wikitext.twiki.core - 2.7.0.v20151009-1723
2019-03-06 18:54:41,808 - org.eclipse.mylyn.wikitext.ui - 2.7.0.v20151009-1723
2019-03-06 18:54:41,810 - org.eclipse.mylyn.wikitext.help.ui - 2.7.0.v20151009-1723
2019-03-06 18:54:41,811 - org.eclipse.mylyn.wikitext.textile.ui - 2.7.0.v20151009-1723
2019-03-06 18:54:41,812 - org.eclipse.mylyn.wikitext.markdown.ui - 2.7.0.v20151009-1723
2019-03-06 18:54:41,814 - org.eclipse.mylyn.wikitext.mediawiki.ui - 2.7.0.v20151009-1723
2019-03-06 18:54:41,816 - org.eclipse.mylyn.wikitext.confluence.ui - 2.7.0.v20151009-1723
2019-03-06 18:54:41,817 - org.eclipse.mylyn.wikitext.tracwiki.ui - 2.7.0.v20151009-1723
2019-03-06 18:54:41,818 - org.eclipse.mylyn.wikitext.twiki.ui - 2.7.0.v20151009-1723
2019-03-06 18:54:41,820 - org.eclipse.mylyn.wikitext.tasks.ui - 2.7.0.v20151009-1723
2019-03-06 18:54:41,821 - org.eclipse.mylyn.wikitext.context.ui - 2.7.0.v20151009-1723
2019-03-06 18:54:41,873 - org.eclipse.emf.mapping.ecore.editor - 2.6.0.v20160208-0841
2019-03-06 18:54:41,874 - org.eclipse.emf.mapping.ecore2ecore.editor - 2.7.0.v20160208-0841
2019-03-06 18:54:41,875 - org.eclipse.emf.mapping.ecore2xml.ui - 2.8.0.v20160208-0841
2019-03-06 18:54:41,910 - org.eclipse.recommenders.mylyn.rcp - 2.3.0.v20160216-1255
2019-03-06 18:54:42,021 - org.apache.ant - 1.9.6.v201510161327
2019-03-06 18:54:42,024 - org.eclipse.ant.core - 3.4.0.v20150428-1928
2019-03-06 18:54:42,024 - com.jcraft.jsch - 0.1.53.v201508180515
2019-03-06 18:54:42,025 - org.eclipse.compare.core - 3.5.500.v20150505-1058
2019-03-06 18:54:42,027 - org.eclipse.compare - 3.5.600.v20150420-1449
2019-03-06 18:54:42,028 - org.eclipse.compare.win32 - 1.0.200.v20130514-1224
2019-03-06 18:54:42,029 - org.eclipse.core.filebuffers - 3.5.500.v20140723-1040
2019-03-06 18:54:42,031 - org.eclipse.core.filesystem - 1.5.0.v20150725-1910
2019-03-06 18:54:42,032 - org.eclipse.core.net - 1.2.300.v20141118-1725
2019-03-06 18:54:42,033 - org.eclipse.core.net.win32.x86_64 - 1.0.100.v20140124-2013
2019-03-06 18:54:42,035 - org.eclipse.core.resources - 3.10.1.v20150725-1910
2019-03-06 18:54:42,035 - org.eclipse.core.runtime.compatibility - 3.2.300.v20150423-0821
2019-03-06 18:54:42,068 - org.eclipse.core.runtime.compatibility.registry - 3.6.0.v20150318-1505
2019-03-06 18:54:42,069 - org.eclipse.osgi.util - 3.3.100.v20150423-1351
2019-03-06 18:54:42,070 - org.eclipse.debug.core - 3.10.0.v20150303-1130
2019-03-06 18:54:42,072 - org.eclipse.debug.ui - 3.11.101.v20160203-1230
2019-03-06 18:54:42,073 - org.eclipse.equinox.event - 1.3.100.v20140115-1647
2019-03-06 18:54:42,074 - org.eclipse.ltk.core.refactoring - 3.6.201.v20150819-1034
2019-03-06 18:54:42,075 - org.eclipse.ltk.ui.refactoring - 3.7.200.v20140625-1835
2019-03-06 18:54:42,075 - org.eclipse.platform - 4.5.2.v20160212-1500
2019-03-06 18:54:42,081 - org.eclipse.platform.doc.user - 4.5.1.v20150819-1130
2019-03-06 18:54:42,083 - org.eclipse.search - 3.10.0.v20150318-0856
2019-03-06 18:54:42,084 - org.eclipse.team.core - 3.7.100.v20150203-1452
2019-03-06 18:54:42,085 - org.eclipse.team.ui - 3.7.200.v20150203-1452
2019-03-06 18:54:42,087 - org.eclipse.text - 3.5.400.v20150505-1044
2019-03-06 18:54:42,088 - org.eclipse.jface.text - 3.10.0.v20150603-1752
2019-03-06 18:54:42,089 - org.eclipse.jsch.core - 1.2.0.v20141202-1415
2019-03-06 18:54:42,091 - org.eclipse.jsch.ui - 1.2.0.v20141202-1415
2019-03-06 18:54:42,092 - org.eclipse.ui.console - 3.6.100.v20150822-1912
2019-03-06 18:54:42,093 - org.eclipse.ui.intro - 3.4.300.v20141007-1449
2019-03-06 18:54:42,093 - org.eclipse.ui.intro.universal - 3.2.800.v20150325-0952
2019-03-06 18:54:42,094 - org.eclipse.ui.cheatsheets - 3.4.200.v20131227-1524
2019-03-06 18:54:42,095 - org.eclipse.ui.browser - 3.4.300.v20150429-0602
2019-03-06 18:54:42,096 - org.eclipse.ui.monitoring - 1.0.0.v20150512-1436
2019-03-06 18:54:42,099 - org.eclipse.ui.navigator - 3.6.0.v20150422-0725
2019-03-06 18:54:42,100 - org.eclipse.ui.navigator.resources - 3.5.1.v20160128-1644
2019-03-06 18:54:42,102 - org.eclipse.ui.net - 1.2.200.v20120807-0927
2019-03-06 18:54:42,103 - org.eclipse.ui.workbench.texteditor - 3.9.100.v20141023-1946
2019-03-06 18:54:42,105 - org.eclipse.ui.views - 3.8.0.v20150422-0725
2019-03-06 18:54:42,106 - org.eclipse.ui.editors - 3.9.0.v20150213-1939
2019-03-06 18:54:42,107 - org.eclipse.ui.externaltools - 3.3.0.v20150302-1002
2019-03-06 18:54:42,110 - org.eclipse.ui.ide - 3.11.0.v20150825-2158
2019-03-06 18:54:42,124 - org.eclipse.ui.ide.application - 1.1.0.v20150422-0725
2019-03-06 18:54:42,125 - org.eclipse.ui.win32 - 3.2.500.v20150423-0822
2019-03-06 18:54:42,125 - org.eclipse.core.resources.win32.x86_64 - 3.5.0.v20140124-1940
2019-03-06 18:54:42,125 - org.eclipse.core.filesystem.win32.x86_64 - 1.4.0.v20140124-1940
2019-03-06 18:54:42,126 - org.eclipse.core.variables - 3.2.800.v20130819-1716
2019-03-06 18:54:42,127 - org.eclipse.ui.forms - 3.6.200.v20150506-2029
2019-03-06 18:54:42,128 - org.eclipse.ui.views.properties.tabbed - 3.6.100.v20150423-0822
2019-03-06 18:54:42,128 - org.eclipse.equinox.security - 1.2.100.v20150423-1356
2019-03-06 18:54:42,129 - org.eclipse.equinox.security.ui - 1.1.201.v20150803-1228
2019-03-06 18:54:42,132 - org.eclipse.equinox.security.win32.x86_64 - 1.0.100.v20130327-1442
2019-03-06 18:54:42,134 - org.eclipse.core.externaltools - 1.0.300.v20140219-0051
2019-03-06 18:54:42,134 - org.eclipse.ui.themes - 1.1.1.v20151026-1355
2019-03-06 18:54:42,134 - org.eclipse.core.filesystem.java7 - 1.0.100.v20150423-0754
2019-03-06 18:54:42,174 - org.eclipse.mylyn.discovery.core - 3.18.0.v20151009-1724
2019-03-06 18:54:42,175 - org.eclipse.mylyn.discovery.ui - 3.18.0.v20151009-1724
2019-03-06 18:54:42,227 - org.eclipse.emf.ecore.edit - 2.9.0.v20160208-0841
2019-03-06 18:54:42,228 - org.eclipse.emf.ecore.change.edit - 2.6.0.v20160208-0841
2019-03-06 18:54:42,354 - org.eclipse.sequoyah.vnc.protocol - 2.1.0.N20120718-0509
2019-03-06 18:54:42,373 - org.eclipse.mylyn.versions.core - 1.10.0.v20151125-0025
2019-03-06 18:54:42,375 - org.eclipse.mylyn.versions.ui - 1.10.0.v20151009-2340
2019-03-06 18:54:42,425 - org.eclipse.emf.mapping.ecore - 2.6.0.v20160208-0841
2019-03-06 18:54:42,427 - org.eclipse.emf.mapping.ecore2ecore - 2.9.0.v20160208-0841
2019-03-06 18:54:42,428 - org.eclipse.emf.mapping.ecore2xml - 2.9.0.v20160208-0841
2019-03-06 18:54:42,470 - org.eclipse.andmore.traceview - 0.5.0.201605181018
2019-03-06 18:54:42,504 - org.eclipse.sequoyah.localization.android - 2.1.0.N20120718-0509
2019-03-06 18:54:42,505 - org.eclipse.sequoyah.localization.android.help - 2.1.1.N20120718-0509
2019-03-06 18:54:42,540 - org.eclipse.m2e.logback.configuration - 1.6.2.20150902-0002
2019-03-06 18:54:42,541 - org.eclipse.m2e.logback.appender - 1.6.2.20150902-0002
2019-03-06 18:54:42,577 - org.eclipse.emf.codegen - 2.11.0.v20160208-0841
2019-03-06 18:54:42,605 - org.eclipse.wst.dtd.ui - 1.0.801.v201308100602
2019-03-06 18:54:42,606 - org.eclipse.wst.dtd.ui.infopop - 1.0.400.v201309112106
2019-03-06 18:54:42,608 - org.eclipse.wst.sse.ui.infopop - 1.0.300.v201309112106
2019-03-06 18:54:42,609 - org.eclipse.wst.xml.ui.infopop - 1.0.400.v201309112106
2019-03-06 18:54:42,610 - org.eclipse.wst.sse.ui - 1.3.401.v201510130005
2019-03-06 18:54:42,610 - org.eclipse.wst.xml.ui - 1.1.501.v201501212057
2019-03-06 18:54:42,612 - org.eclipse.wst.xsd.ui - 1.2.510.v201511240257
2019-03-06 18:54:42,654 - org.eclipse.datatools.doc.user - 1.7.0.20090521092446
2019-03-06 18:54:42,656 - org.eclipse.datatools.oda.cshelp - 1.1.2.v201309200751
2019-03-06 18:54:42,656 - org.eclipse.datatools.help - 1.5.0.v200906020553
2019-03-06 18:54:42,692 - org.eclipse.emf - 2.6.0.v20160208-0841
2019-03-06 18:54:42,717 - org.eclipse.wb.layout.group - 1.8.0.r45x201506110824
2019-03-06 18:54:42,737 - org.eclipse.mylyn.tasks.bugs - 3.18.0.v20151009-2340
2019-03-06 18:54:42,738 - org.eclipse.mylyn.help.ui - 3.18.0.v20151009-2340
2019-03-06 18:54:42,764 - org.eclipse.draw2d - 3.10.1.201508170204
2019-03-06 18:54:42,795 - org.eclipse.emf.edit - 2.11.1.v20160208-0841
2019-03-06 18:54:42,820 - org.eclipse.mylyn.commons.core - 3.18.0.v20151019-2227
2019-03-06 18:54:42,821 - org.eclipse.mylyn.commons.screenshots - 3.18.0.v20151009-1724
2019-03-06 18:54:42,821 - org.eclipse.mylyn.commons.ui - 3.18.0.v20151116-1930
2019-03-06 18:54:42,821 - org.eclipse.mylyn.commons.workbench - 3.18.0.v20151102-1813
2019-03-06 18:54:42,843 - org.eclipse.mylyn.bugzilla.ide - 3.18.0.v20151013-1847
2019-03-06 18:54:42,844 - org.eclipse.mylyn.ide.ui - 3.18.0.v20151013-1847
2019-03-06 18:54:42,871 - org.eclipse.emf.databinding.edit - 1.3.0.v20160208-0841
2019-03-06 18:54:42,910 - org.eclipse.emf.codegen.ecore - 2.11.1.v20160208-0841
2019-03-06 18:54:42,910 - org.eclipse.emf.ant - 2.8.0.v20160208-0841
2019-03-06 18:54:42,965 - org.eclipse.m2e.archetype.common - 1.6.2.20150902-0001
2019-03-06 18:54:42,988 - org.eclipse.m2e.maven.indexer - 1.6.2.20150902-0001
2019-03-06 18:54:42,989 - org.eclipse.m2e.model.edit - 1.6.2.20150902-0002
2019-03-06 18:54:42,989 - org.eclipse.m2e.core - 1.6.2.20150902-0002
2019-03-06 18:54:42,990 - org.eclipse.m2e.launching - 1.6.2.20150902-0002
2019-03-06 18:54:42,991 - org.eclipse.m2e.workspace.cli - 0.3.1
2019-03-06 18:54:42,992 - org.eclipse.m2e.jdt - 1.6.2.20150902-0002
2019-03-06 18:54:42,993 - org.eclipse.m2e.editor - 1.6.2.20150902-0002
2019-03-06 18:54:42,994 - org.eclipse.m2e.editor.xml - 1.6.2.20150902-0002
2019-03-06 18:54:43,046 - org.eclipse.m2e.maven.runtime - 1.6.2.20150902-0001
2019-03-06 18:54:43,075 - org.eclipse.m2e.maven.runtime.slf4j.simple - 1.6.2.20150902-0001
2019-03-06 18:54:43,076 - org.eclipse.m2e.refactoring - 1.6.2.20150902-0002
2019-03-06 18:54:43,076 - org.eclipse.m2e.lifecyclemapping.defaults - 1.6.2.20150902-0002
2019-03-06 18:54:43,077 - org.eclipse.m2e.discovery - 1.6.2.20150902-0002
2019-03-06 18:54:43,078 - org.eclipse.m2e.core.ui - 1.6.2.20150902-0002
2019-03-06 18:54:43,079 - org.eclipse.m2e.scm - 1.6.2.20150902-0002
2019-03-06 18:54:43,079 - org.eclipse.m2e.jdt.ui - 1.6.2.20150902-0002
2019-03-06 18:54:43,080 - org.eclipse.m2e.profiles.core - 1.6.2.20150902-0002
2019-03-06 18:54:43,080 - org.eclipse.m2e.profiles.ui - 1.6.2.20150902-0002
2019-03-06 18:54:43,117 - org.eclipse.andmore.ndk - 0.5.0.201605181018
2019-03-06 18:54:43,152 - org.eclipse.andmore.gldebugger - 0.5.0.201605181018
2019-03-06 18:54:43,213 - org.eclipse.mylyn.hudson.core - 1.10.0.v20151013-2221
2019-03-06 18:54:43,217 - org.eclipse.mylyn.hudson.ui - 1.10.0.v20151013-2221
2019-03-06 18:54:43,254 - org.apache.commons.lang - 2.6.0.v201404270220
2019-03-06 18:54:43,254 - org.eclipse.xtext.ui - 2.9.1.v201512180746
2019-03-06 18:54:43,257 - org.eclipse.xtext.common.types.ui - 2.9.1.v201512180746
2019-03-06 18:54:43,258 - org.eclipse.xtext.common.types.shared - 2.9.1.v201512180746
2019-03-06 18:54:43,259 - org.eclipse.xtext.common.types.shared.jdt38 - 2.9.1.v201512180746
2019-03-06 18:54:43,260 - org.eclipse.xtext.ui.shared - 2.9.1.v201512180746
2019-03-06 18:54:43,267 - org.eclipse.xtext.ui.ecore - 2.9.1.v201512180746
2019-03-06 18:54:43,270 - org.eclipse.xtext.ui.codetemplates - 2.9.1.v201512180746
2019-03-06 18:54:43,271 - org.eclipse.xtext.ui.codetemplates.ui - 2.9.1.v201512180746
2019-03-06 18:54:43,272 - org.eclipse.xtext.common.types.edit - 2.9.1.v201512180746
2019-03-06 18:54:43,273 - org.eclipse.xtext.ide - 2.9.1.v201512180746
2019-03-06 18:54:43,326 - org.eclipse.epp.mpc.core - 1.4.2.v20160210-1948
2019-03-06 18:54:43,326 - org.eclipse.epp.mpc.ui - 1.4.2.v20160210-2005
2019-03-06 18:54:43,327 - org.eclipse.epp.mpc.help.ui - 1.4.2.v20160120-1701
2019-03-06 18:54:43,327 - org.apache.httpcomponents.httpclient - 4.3.6.v201411290715
2019-03-06 18:54:43,327 - org.apache.httpcomponents.httpcore - 4.3.3.v201411290715
2019-03-06 18:54:43,361 - org.eclipse.datatools.connectivity.oda.consumer - 3.2.6.v201403131814
2019-03-06 18:54:43,362 - org.eclipse.datatools.connectivity.oda.design - 3.3.6.v201403131814
2019-03-06 18:54:43,363 - org.eclipse.datatools.connectivity.oda.profile - 3.2.9.v201403131814
2019-03-06 18:54:43,363 - org.eclipse.datatools.connectivity.oda - 3.4.3.v201405301249
2019-03-06 18:54:43,363 - org.eclipse.datatools.connectivity - 1.2.11.v201401230755
2019-03-06 18:54:43,394 - org.eclipse.mylyn.git.core - 1.10.0.v20151009-2340
2019-03-06 18:54:43,395 - org.eclipse.mylyn.git.ui - 1.10.0.v20151009-2340
2019-03-06 18:54:43,447 - org.eclipse.andmore.android.certmanager - 0.5.0.201605181018
2019-03-06 18:54:43,482 - org.eclipse.epp.package.java - 4.5.2.20160218-0600
2019-03-06 18:54:43,514 - org.eclipse.recommenders.snipmatch - 2.3.0.v20160216-1255
2019-03-06 18:54:43,514 - org.eclipse.recommenders.snipmatch.rcp - 2.3.0.v20160216-1255
2019-03-06 18:54:43,537 - org.eclipse.cdt.gdb - 7.0.0.201602051005
2019-03-06 18:54:43,538 - org.eclipse.cdt.gdb.ui - 7.0.0.201602051005
2019-03-06 18:54:43,575 - org.eclipse.pde - 3.11.2.v20160212-1500
2019-03-06 18:54:43,598 - org.eclipse.pde.build - 3.9.100.v20150521-1524
2019-03-06 18:54:43,598 - org.eclipse.pde.core - 3.10.102.v20160128-0556
2019-03-06 18:54:43,599 - org.eclipse.pde.junit.runtime - 3.4.500.v20150423-1241
2019-03-06 18:54:43,600 - org.eclipse.pde.runtime - 3.4.500.v20150423-1241
2019-03-06 18:54:43,601 - org.eclipse.pde.ui - 3.8.202.v20160128-0556
2019-03-06 18:54:43,602 - org.eclipse.pde.doc.user - 3.11.2.v20160203-1325
2019-03-06 18:54:43,604 - org.eclipse.pde.ui.templates - 3.5.0.v20150818-1511
2019-03-06 18:54:43,605 - org.eclipse.ui.views.log - 1.0.600.v20150513-1840
2019-03-06 18:54:43,605 - org.objectweb.asm - 5.0.1.v201404251740
2019-03-06 18:54:43,606 - org.objectweb.asm.tree - 5.0.1.v201404251740
2019-03-06 18:54:43,607 - org.eclipse.pde.api.tools - 1.0.701.v20150831-1041
2019-03-06 18:54:43,607 - org.eclipse.pde.api.tools.annotations - 1.0.0.v20140602-1527
2019-03-06 18:54:43,608 - org.eclipse.pde.api.tools.ui - 1.0.600.v20150831-0659
2019-03-06 18:54:43,609 - org.eclipse.pde.ds.core - 1.0.400.v20150423-1241
2019-03-06 18:54:43,611 - org.eclipse.pde.ds.ui - 1.0.400.v20150506-1709
2019-03-06 18:54:43,612 - org.eclipse.pde.launching - 3.6.301.v20160128-0556
2019-03-06 18:54:43,613 - org.eclipse.pde.ua.core - 1.0.400.v20150220-1252
2019-03-06 18:54:43,614 - org.eclipse.pde.ua.ui - 1.0.400.v20150513-1136
2019-03-06 18:54:43,614 - org.eclipse.ui.trace - 1.0.300.v20150220-1252
2019-03-06 18:54:43,668 - org.eclipse.sequoyah.localization.tools - 2.1.0.N20120718-0509
2019-03-06 18:54:43,669 - org.eclipse.sequoyah.localization.editor - 2.1.0.N20120718-0509
2019-03-06 18:54:43,706 - net.sourceforge.lpg.lpgjavaruntime - 1.1.0.v201004271650
2019-03-06 18:54:43,707 - org.eclipse.datatools.sqltools.parsers.sql.lexer - 1.0.1.v201107221520
2019-03-06 18:54:43,708 - org.eclipse.datatools.sqltools.parsers.sql.query - 1.2.1.v201201250511
2019-03-06 18:54:43,708 - org.eclipse.datatools.sqltools.parsers.sql.xml.query - 1.0.0.v201107221520
2019-03-06 18:54:43,709 - org.eclipse.datatools.sqltools.parsers.sql - 1.0.2.v201107221520
2019-03-06 18:54:43,745 - org.eclipse.mylyn.java.ui - 3.18.0.v20151013-1847
2019-03-06 18:54:43,746 - org.eclipse.mylyn.java.tasks - 3.18.0.v20151013-1847
2019-03-06 18:54:43,746 - org.eclipse.mylyn.ide.ui - 3.18.0.v20151013-1847
2019-03-06 18:54:43,747 - org.eclipse.mylyn.ide.ant - 3.18.0.v20151013-1847
2019-03-06 18:54:43,747 - org.eclipse.mylyn.debug.ui - 3.18.0.v20151013-1847
2019-03-06 18:54:43,793 - org.eclipse.xtext.activities - 2.9.1.v201512180746
2019-03-06 18:54:43,793 - org.eclipse.xtext.xtext.ui - 2.9.1.v201512180746
2019-03-06 18:54:43,794 - org.eclipse.xtext.xtext.ui.graph - 2.9.1.v201512180746
2019-03-06 18:54:43,818 - org.eclipse.xtext.doc - 2.9.1.v201512180746
2019-03-06 18:54:43,851 - org.eclipse.mylyn.team.ui - 3.18.0.v20151120-2228
2019-03-06 18:54:43,886 - org.eclipse.emf.common.ui - 2.10.1.v20160208-0841
2019-03-06 18:54:43,925 - org.eclipse.datatools.sqltools.sql - 1.0.1.v201110050515
2019-03-06 18:54:43,925 - org.eclipse.datatools.sqltools.common.ui - 1.0.1.v201212120623
2019-03-06 18:54:43,925 - org.eclipse.datatools.sqltools.plan - 1.0.0.v201107221520
2019-03-06 18:54:43,925 - org.eclipse.datatools.sqltools.editor.core - 1.0.3.v201212120623
2019-03-06 18:54:43,925 - org.eclipse.datatools.sqltools.sqleditor - 1.0.4.v201212120623
2019-03-06 18:54:43,925 - org.eclipse.datatools.sqltools.ddlgen.ui - 1.0.3.v201211200616
2019-03-06 18:54:43,926 - org.eclipse.datatools.connectivity.db.generic - 1.0.1.v201107221459
2019-03-06 18:54:43,926 - org.eclipse.datatools.sqltools.editor.core.ui - 1.0.0.v201001150815
2019-03-06 18:54:43,926 - org.eclipse.datatools.sqltools.sql.ui - 1.0.1.v201201270735
2019-03-06 18:54:43,961 - org.eclipse.mylyn.commons.repositories.core - 1.10.0.v20151009-1724
2019-03-06 18:54:43,962 - org.eclipse.mylyn.commons.repositories.ui - 1.10.0.v20151116-1930
2019-03-06 18:54:44,003 - org.eclipse.sequoyah.device.common.utilities - 2.1.0.N20120718-0509
2019-03-06 18:54:44,047 - org.eclipse.andmore.android.common - 0.5.0.201605181018
2019-03-06 18:54:44,048 - org.eclipse.andmore.android.codeutils - 0.5.0.201605181018
2019-03-06 18:54:44,049 - org.eclipse.andmore.android.translation - 0.5.0.201605181018
2019-03-06 18:54:44,050 - org.eclipse.andmore.android.codesnippets - 0.5.0.201605181018
2019-03-06 18:54:44,050 - org.eclipse.andmore.android.db.core - 0.5.0.201605181018
2019-03-06 18:54:44,051 - org.eclipse.andmore.android.logger - 0.5.0.201605181018
2019-03-06 18:54:44,052 - org.eclipse.andmore.android - 0.5.0.201605181018
2019-03-06 18:54:44,052 - org.eclipse.andmore.android.emulator - 0.5.0.201605181018
2019-03-06 18:54:44,053 - org.eclipse.andmore.android.launch - 0.5.0.201605181018
2019-03-06 18:54:44,054 - org.eclipse.andmore.android.packaging.ui - 0.5.0.201605181018
2019-03-06 18:54:44,055 - org.eclipse.andmore.android.handset - 0.5.0.201605181018
2019-03-06 18:54:44,056 - org.eclipse.andmore.android.remote - 0.5.0.201605181018
2019-03-06 18:54:44,056 - org.eclipse.andmore.android.win32.x86_64 - 0.5.0.201605181018
2019-03-06 18:54:44,056 - org.eclipse.andmore.android.mat - 0.5.0.201605181018
2019-03-06 18:54:44,057 - org.eclipse.andmore.android.devices.services - 0.5.0.201605181018
2019-03-06 18:54:44,058 - org.eclipse.andmore.android.db.devices - 0.5.0.201605181018
2019-03-06 18:54:44,058 - org.eclipse.andmore.android.installer - 0.5.0.201605181018
2019-03-06 18:54:44,059 - org.eclipse.andmore.android.logger.collector - 0.5.0.201605181018
2019-03-06 18:54:44,108 - org.eclipse.emf.mapping.ui - 2.7.0.v20160208-0841
2019-03-06 18:54:44,138 - org.eclipse.mylyn.monitor.core - 3.18.0.v20151009-1724
2019-03-06 18:54:44,139 - org.eclipse.mylyn.monitor.ui - 3.18.0.v20151009-1724
2019-03-06 18:54:44,187 - org.eclipse.xtext.junit4 - 2.9.1.v201512180746
2019-03-06 18:54:44,187 - org.eclipse.xtext.purexbase - 2.9.1.v201512180746
2019-03-06 18:54:44,188 - org.eclipse.xtext.purexbase.ui - 2.9.1.v201512180746
2019-03-06 18:54:44,189 - org.eclipse.xtext.m2e - 2.9.1.v201512180746
2019-03-06 18:54:44,190 - org.eclipse.xtext.idea.generator - 2.9.1.v201512180746
2019-03-06 18:54:44,236 - org.eclipse.datatools.connectivity.oda.template.ui - 3.2.5.v201403131814
2019-03-06 18:54:44,272 - org.eclipse.sequoyah.vnc.vncviewer - 2.1.0.N20120718-0509
2019-03-06 18:54:44,313 - org.eclipse.emf.codegen.ecore.ui - 2.11.1.v20160208-0841
2019-03-06 18:54:44,353 - org.eclipse.emf.ecore.editor - 2.11.0.v20160208-0841
2019-03-06 18:54:44,402 - org.eclipse.wb.core.ui - 1.8.0.r45x201506110822
2019-03-06 18:54:44,432 - org.eclipse.mylyn.builds.core - 1.10.0.v20151013-2221
2019-03-06 18:54:44,433 - org.eclipse.mylyn.builds.ui - 1.10.0.v20151211-2137
2019-03-06 18:54:44,464 - org.eclipse.mylyn.context.core - 3.18.0.v20151013-1847
2019-03-06 18:54:44,465 - org.eclipse.mylyn.context.ui - 3.18.0.v20151014-2324
2019-03-06 18:54:44,466 - org.eclipse.mylyn.resources.ui - 3.18.0.v20151013-1847
2019-03-06 18:54:44,467 - org.eclipse.mylyn.context.tasks.ui - 3.18.0.v20151013-1847
2019-03-06 18:54:44,516 - org.eclipse.emf.databinding - 1.3.0.v20160208-0841
2019-03-06 18:54:44,555 - org.eclipse.wb.swing - 1.8.0.r45x201506110826
2019-03-06 18:54:44,573 - org.eclipse.wb.swing.FormLayout.lib - 1.8.0.r45x201506110826
2019-03-06 18:54:44,574 - org.eclipse.wb.swing.FormLayout - 1.8.0.r45x201506110826
2019-03-06 18:54:44,576 - org.eclipse.wb.swing.MigLayout.lib - 1.8.0.r45x201506110826
2019-03-06 18:54:44,577 - org.eclipse.wb.swing.MigLayout - 1.8.0.r45x201506110826
2019-03-06 18:54:44,578 - org.eclipse.wb.swing.databinding - 1.8.0.r45x201506110826
2019-03-06 18:54:44,579 - org.eclipse.wb.swing.jsr296 - 1.8.0.r45x201506110826
2019-03-06 18:54:44,579 - org.eclipse.wb.swing.java6 - 1.8.0.r45x201506110826
2019-03-06 18:54:44,622 - org.eclipse.datatools.connectivity.sqm.core.ui - 1.2.3.v201212070447
2019-03-06 18:54:44,622 - org.eclipse.datatools.connectivity.sqm.core - 1.2.8.v201401230755
2019-03-06 18:54:44,623 - org.eclipse.datatools.connectivity.sqm.server.ui - 1.1.101.v201212070447
2019-03-06 18:54:44,623 - org.eclipse.datatools.connectivity.ui.dse - 1.1.5.v201212070447
2019-03-06 18:54:44,623 - org.eclipse.datatools.connectivity.ui - 1.2.4.v201212070447
2019-03-06 18:54:44,623 - org.eclipse.datatools.connectivity - 1.2.11.v201401230755
2019-03-06 18:54:44,623 - org.eclipse.datatools.help - 1.5.0.v200906020553
2019-03-06 18:54:44,624 - org.eclipse.datatools.connectivity.console.profile - 1.0.10.v201109250955
2019-03-06 18:54:44,670 - org.eclipse.oomph.setup - 1.3.0.v20160213-0953
2019-03-06 18:54:44,671 - org.eclipse.oomph.setup.edit - 1.3.0.v20160213-0953
2019-03-06 18:54:44,671 - org.eclipse.oomph.setup.core - 1.3.0.v20160213-0953
2019-03-06 18:54:44,672 - org.eclipse.oomph.setup.sync - 1.3.0.v20160213-0953
2019-03-06 18:54:44,672 - org.eclipse.oomph.setup.p2 - 1.3.0.v20160213-0953
2019-03-06 18:54:44,673 - org.eclipse.oomph.setup.p2.edit - 1.3.0.v20160213-0953
2019-03-06 18:54:44,673 - org.eclipse.oomph.preferences - 1.3.0.v20160213-0953
2019-03-06 18:54:44,675 - org.eclipse.oomph.jreinfo - 1.3.0.v20160213-0953
2019-03-06 18:54:44,675 - org.eclipse.oomph.jreinfo.win32.x86_64 - 1.1.100.v20160213-0953
2019-03-06 18:54:44,676 - org.eclipse.oomph.extractor.lib - 1.1.0.v20160213-0953
2019-03-06 18:54:44,676 - org.apache.commons.logging - 1.1.1.v201101211721
2019-03-06 18:54:44,676 - org.apache.commons.codec - 1.6.0.v201305230611
2019-03-06 18:54:44,676 - org.apache.httpcomponents.httpclient - 4.3.6.v201411290715
2019-03-06 18:54:44,676 - org.apache.httpcomponents.httpcore - 4.3.3.v201411290715
2019-03-06 18:54:44,677 - org.eclipse.userstorage - 1.0.0.v20151212-0935
2019-03-06 18:54:44,678 - org.eclipse.userstorage.ui - 1.0.0.v20151216-0912
