2019-03-06 18:54:44,678 [Worker-4] DEBUG class java.lang.Class - Starting Andmore Common Plugin...
2019-03-06 18:54:44,678 [Worker-4] DEBUG class java.lang.Class - Andmore Common Plugin started.
2019-03-06 18:54:44,679 [Worker-4] DEBUG class java.lang.Class - Starting Andmore Plugin...
2019-03-06 18:54:44,687 [Worker-4] DEBUG class java.lang.Class - Andmore Plugin started.
2019-03-06 18:54:46,366 [Worker-4] DEBUG class java.lang.Class - Starting Andmore Emulator Plugin...
2019-03-06 18:54:46,419 [Worker-4] DEBUG class java.lang.Class - Andmore Emulator Plugin started.
2019-03-06 18:54:46,434 [Worker-4] DEBUG class java.lang.Class - Starting Andmore Handset Plugin...
2019-03-06 18:54:46,440 [Worker-4] DEBUG class java.lang.Class - Andmore Handset Plugin started.
2019-03-06 18:54:46,474 [Worker-4] DEBUG class java.lang.Class - Starting Andmore Remote Device Plugin...
2019-03-06 18:54:46,482 [Worker-4] DEBUG class java.lang.Class - Starting Andmore Remote Device Plugin started.
2019-03-06 18:54:46,488 [Worker-4] DEBUG class java.lang.Class - Starting Andmore Device Services Plugin...
2019-03-06 18:54:46,488 [Worker-4] DEBUG class java.lang.Class - Andmore Device Services Plugin started.
2019-03-06 18:54:46,563 [Instance Event Manager] INFO  Studio for Android - The android device instance status was updated: 5.1_WVGA_API_25 Status: OFF
2019-03-06 18:54:46,620 [Worker-4] INFO  Studio for Android - [Status: id=org.eclipse.andmore.android.emulator.status.offline;name=Offline]
2019-03-06 18:54:46,622 [Worker-4] INFO  Studio for Android - [Status: id=org.eclipse.andmore.android.handset.status.handsetonline;name=Online]
2019-03-06 18:54:46,622 [Worker-4] INFO  Studio for Android - [Status: id=INACTIVE;name=INACTIVE]
2019-03-06 18:54:46,622 [Worker-4] INFO  Studio for Android - [Status: id=org.eclipse.andmore.android.emulator.status.notavailable;name=Not available]
2019-03-06 18:54:46,622 [Worker-4] INFO  Studio for Android - [Status: id=IDLE;name=IDLE]
2019-03-06 18:54:46,622 [Worker-4] INFO  Studio for Android - [Status: id=org.eclipse.andmore.android.remote.status.connected;name=Connected]
2019-03-06 18:54:46,622 [Worker-4] INFO  Studio for Android - [Status: id=org.eclipse.andmore.android.remote.status.disconnected;name=Disconnected]
2019-03-06 18:54:46,622 [Worker-4] INFO  Studio for Android - [Status: id=org.eclipse.andmore.android.emulator.status.online;name=Online]
2019-03-06 18:54:46,622 [Worker-4] INFO  Studio for Android - [Status: id=OFF;name=OFF]
2019-03-06 18:54:46,622 [Worker-4] INFO  Studio for Android - [Status: id=org.eclipse.andmore.android.emulator.status.offlineNoData;name=Offline (no user data)]
2019-03-06 18:54:46,623 [Instance Event Manager] INFO  Studio for Android - The android device instance status was updated: 5.1_WVGA_API_25 Status: org.eclipse.andmore.android.emulator.status.notavailable
2019-03-07 17:27:04,997 [main] DEBUG class java.lang.Class - Starting Eclipse Andmore Database Core Plugin...
2019-03-07 17:27:05,768 [main] DEBUG Studio for Android - JDBC Driver Location:bundleentry://613.fwk982073480/res/androidjdbc.jar JDBC Driver getBundle().getLocation():reference:file:plugins/org.eclipse.andmore.android.common_0.5.0.201605181018.jar
2019-03-07 17:27:05,792 [main] DEBUG Studio for Android - JDBC Driver Path:C:\Users\doria\Downloads\eclipse-java-mars-2-win32-x86_64\eclipse\configuration\org.eclipse.osgi\613\0\.cp\res\androidjdbc.jar
2019-03-07 17:27:05,793 [main] DEBUG Studio for Android - JDBC Driver Location:bundleentry://613.fwk982073480/res/androidjdbc.jar JDBC Driver getBundle().getLocation():reference:file:plugins/org.eclipse.andmore.android.common_0.5.0.201605181018.jar
2019-03-07 17:27:05,793 [main] DEBUG Studio for Android - JDBC Driver Path:C:\Users\doria\Downloads\eclipse-java-mars-2-win32-x86_64\eclipse\configuration\org.eclipse.osgi\613\0\.cp\res\androidjdbc.jar
2019-03-07 17:27:05,950 [main] INFO  Studio for Android - Created a JDBC driver instance at Data Tools.
2019-03-07 17:27:06,063 [main] DEBUG class java.lang.Class - Eclipse Andmore Database Core Plugin started.
2019-03-07 17:27:06,064 [main] DEBUG class java.lang.Class - Starting Eclipse Andmore Database Devices Support Plugin...
2019-03-07 17:27:06,067 [main] DEBUG class java.lang.Class - Eclipse Andmore Database Devices Support Plugin started...
2019-03-07 17:27:13,478 [Framework stop] DEBUG Studio for Android - org.eclipse.sequoyah.device.framework.wizard.DeviceWizardPlugin-SHUTDOWN
2019-03-07 17:27:14,173 [Framework stop] DEBUG Studio for Android - org.eclipse.sequoyah.device.service.start.StartServicePlugin-SHUTDOWN
2019-03-07 17:27:14,252 [Framework stop] DEBUG Studio for Android - org.eclipse.sequoyah.device.framework.ui.DeviceUIPlugin-SHUTDOWN
2019-03-07 17:27:14,252 [Framework stop] DEBUG Studio for Android - org.eclipse.sequoyah.device.service.stop.StopServicePlugin-SHUTDOWN
2019-03-07 17:27:14,252 [Framework stop] DEBUG Studio for Android - org.eclipse.sequoyah.device.framework.DevicePlugin-SHUTDOWN
